<?xml version="1.0" encoding="UTF-8"?>
<testsuite xmlns:xsi="http://www.w3.org/2001/XMLSchema-instance" xsi:noNamespaceSchemaLocation="https://maven.apache.org/surefire/maven-surefire-plugin/xsd/surefire-test-report-3.0.xsd" version="3.0" name="unam.diplomado.pixup.discoservice.DiscoServiceApplicationTests" time="3.498" tests="1" errors="0" skipped="0" failures="0">
  <properties>
[...]
</properties>
  <testcase name="contextLoads" classname="unam.diplomado.pixup.discoservice.DiscoServiceApplicationTests" time="0.699">
    <system-out><![CDATA[06:24:33.977 [main] INFO org.springframework.test.context.support.AnnotationConfigContextLoaderUtils -- Could not detect default configuration classes for test class [unam.diplomado.pixup.discoservice.DiscoServiceApplicationTests]: DiscoServiceApplicationTests does not declare any static, non-private, non-final, nested classes annotated with @Configuration.
06:24:34.091 [main] INFO org.springframework.boot.test.context.SpringBootTestContextBootstrapper -- Found @SpringBootConfiguration unam.diplomado.pixup.discoservice.DiscoServiceApplication for test class unam.diplomado.pixup.discoservice.DiscoServiceApplicationTests

  .   ____          _            __ _ _
 /\\ / ___'_ __ _ _(_)_ __  __ _ \ \ \ \
( ( )\___ | '_ | '_| | '_ \/ _` | \ \ \ \
 \\/  ___)| |_)| | | | | || (_| |  ) ) ) )
  '  |____| .__|_| |_|_| |_\__, | / / / /
 =========|_|==============|___/=/_/_/_/
 :: Spring Boot ::                (v3.1.3)

2023-10-13T06:24:34.468Z  INFO 100323 --- [           main] u.d.p.d.DiscoServiceApplicationTests     : Starting DiscoServiceApplicationTests using Java 17.0.8.1 with PID 100323 (started by clouduser in /home/clouduser/Documents/Diplo_Cloud_FinalProject)
2023-10-13T06:24:34.469Z  INFO 100323 --- [           main] u.d.p.d.DiscoServiceApplicationTests     : No active profile set, falling back to 1 default profile: "default"
2023-10-13T06:24:35.132Z  INFO 100323 --- [           main] .s.d.r.c.RepositoryConfigurationDelegate : Bootstrapping Spring Data MongoDB repositories in DEFAULT mode.
2023-10-13T06:24:35.172Z  INFO 100323 --- [           main] .s.d.r.c.RepositoryConfigurationDelegate : Finished Spring Data repository scanning in 35 ms. Found 1 MongoDB repository interfaces.
2023-10-13T06:24:35.612Z  INFO 100323 --- [           main] org.mongodb.driver.client                : MongoClient with metadata {"driver": {"name": "mongo-java-driver|sync|spring-boot", "version": "4.9.1"}, "os": {"type": "Linux", "name": "Linux", "architecture": "amd64", "version": "5.4.0-163-generic"}, "platform": "Java/Private Build/17.0.8.1+1-Ubuntu-0ubuntu120.04"} created with settings MongoClientSettings{readPreference=primary, writeConcern=WriteConcern{w=null, wTimeout=null ms, journal=null}, retryWrites=true, retryReads=true, readConcern=ReadConcern{level=null}, credential=MongoCredential{mechanism=null, userName='Rluna75', source='admin', password=<hidden>, mechanismProperties=<hidden>}, streamFactoryFactory=null, commandListeners=[], codecRegistry=ProvidersCodecRegistry{codecProviders=[ValueCodecProvider{}, BsonValueCodecProvider{}, DBRefCodecProvider{}, DBObjectCodecProvider{}, DocumentCodecProvider{}, CollectionCodecProvider{}, IterableCodecProvider{}, MapCodecProvider{}, GeoJsonCodecProvider{}, GridFSFileCodecProvider{}, Jsr310CodecProvider{}, JsonObjectCodecProvider{}, BsonCodecProvider{}, EnumCodecProvider{}, com.mongodb.client.model.mql.ExpressionCodecProvider@7885776b, com.mongodb.Jep395RecordCodecProvider@497d4c96]}, loggerSettings=LoggerSettings{maxDocumentLength=1000}, clusterSettings={hosts=[127.0.0.1:27017], srvHost=cluster.96ny5ap.mongodb.net, srvServiceName=mongodb, mode=MULTIPLE, requiredClusterType=REPLICA_SET, requiredReplicaSetName='atlas-57t1ge-shard-0', serverSelector='null', clusterListeners='[]', serverSelectionTimeout='30000 ms', localThreshold='30000 ms'}, socketSettings=SocketSettings{connectTimeoutMS=10000, readTimeoutMS=0, receiveBufferSize=0, sendBufferSize=0}, heartbeatSocketSettings=SocketSettings{connectTimeoutMS=10000, readTimeoutMS=10000, receiveBufferSize=0, sendBufferSize=0}, connectionPoolSettings=ConnectionPoolSettings{maxSize=100, minSize=0, maxWaitTimeMS=120000, maxConnectionLifeTimeMS=0, maxConnectionIdleTimeMS=0, maintenanceInitialDelayMS=0, maintenanceFrequencyMS=60000, connectionPoolListeners=[], maxConnecting=2}, serverSettings=ServerSettings{heartbeatFrequencyMS=10000, minHeartbeatFrequencyMS=500, serverListeners='[]', serverMonitorListeners='[]'}, sslSettings=SslSettings{enabled=true, invalidHostNameAllowed=false, context=null}, applicationName='null', compressorList=[], uuidRepresentation=JAVA_LEGACY, serverApi=null, autoEncryptionSettings=null, contextProvider=null}
2023-10-13T06:24:35.636Z  INFO 100323 --- [5ap.mongodb.net] org.mongodb.driver.cluster               : Adding discovered server ac-gcsizex-shard-00-00.96ny5ap.mongodb.net:27017 to client view of cluster
2023-10-13T06:24:35.659Z  INFO 100323 --- [5ap.mongodb.net] org.mongodb.driver.cluster               : Adding discovered server ac-gcsizex-shard-00-01.96ny5ap.mongodb.net:27017 to client view of cluster
2023-10-13T06:24:35.662Z  INFO 100323 --- [5ap.mongodb.net] org.mongodb.driver.cluster               : Adding discovered server ac-gcsizex-shard-00-02.96ny5ap.mongodb.net:27017 to client view of cluster
2023-10-13T06:24:36.435Z  INFO 100323 --- [ngodb.net:27017] org.mongodb.driver.cluster               : Monitor thread successfully connected to server with description ServerDescription{address=ac-gcsizex-shard-00-00.96ny5ap.mongodb.net:27017, type=REPLICA_SET_SECONDARY, state=CONNECTED, ok=true, minWireVersion=0, maxWireVersion=17, maxDocumentSize=16777216, logicalSessionTimeoutMinutes=30, roundTripTimeNanos=373468611, setName='atlas-57t1ge-shard-0', canonicalAddress=ac-gcsizex-shard-00-00.96ny5ap.mongodb.net:27017, hosts=[ac-gcsizex-shard-00-00.96ny5ap.mongodb.net:27017, ac-gcsizex-shard-00-01.96ny5ap.mongodb.net:27017, ac-gcsizex-shard-00-02.96ny5ap.mongodb.net:27017], passives=[], arbiters=[], primary='ac-gcsizex-shard-00-01.96ny5ap.mongodb.net:27017', tagSet=TagSet{[Tag{name='nodeType', value='ELECTABLE'}, Tag{name='provider', value='AWS'}, Tag{name='region', value='US_EAST_1'}, Tag{name='workloadType', value='OPERATIONAL'}]}, electionId=null, setVersion=1, topologyVersion=TopologyVersion{processId=652574f9d052cf8ca3545ec2, counter=9}, lastWriteDate=Fri Oct 13 06:24:36 UTC 2023, lastUpdateTimeNanos=692842642967787}
2023-10-13T06:24:36.435Z  INFO 100323 --- [ngodb.net:27017] org.mongodb.driver.cluster               : Monitor thread successfully connected to server with description ServerDescription{address=ac-gcsizex-shard-00-01.96ny5ap.mongodb.net:27017, type=REPLICA_SET_PRIMARY, state=CONNECTED, ok=true, minWireVersion=0, maxWireVersion=17, maxDocumentSize=16777216, logicalSessionTimeoutMinutes=30, roundTripTimeNanos=383788581, setName='atlas-57t1ge-shard-0', canonicalAddress=ac-gcsizex-shard-00-01.96ny5ap.mongodb.net:27017, hosts=[ac-gcsizex-shard-00-00.96ny5ap.mongodb.net:27017, ac-gcsizex-shard-00-01.96ny5ap.mongodb.net:27017, ac-gcsizex-shard-00-02.96ny5ap.mongodb.net:27017], passives=[], arbiters=[], primary='ac-gcsizex-shard-00-01.96ny5ap.mongodb.net:27017', tagSet=TagSet{[Tag{name='nodeType', value='ELECTABLE'}, Tag{name='provider', value='AWS'}, Tag{name='region', value='US_EAST_1'}, Tag{name='workloadType', value='OPERATIONAL'}]}, electionId=7fffffff0000000000000006, setVersion=1, topologyVersion=TopologyVersion{processId=6525775074e79970eb56357a, counter=7}, lastWriteDate=Fri Oct 13 06:24:36 UTC 2023, lastUpdateTimeNanos=692842642600136}
2023-10-13T06:24:36.435Z  INFO 100323 --- [ngodb.net:27017] org.mongodb.driver.cluster               : Monitor thread successfully connected to server with description ServerDescription{address=ac-gcsizex-shard-00-02.96ny5ap.mongodb.net:27017, type=REPLICA_SET_SECONDARY, state=CONNECTED, ok=true, minWireVersion=0, maxWireVersion=17, maxDocumentSize=16777216, logicalSessionTimeoutMinutes=30, roundTripTimeNanos=379056178, setName='atlas-57t1ge-shard-0', canonicalAddress=ac-gcsizex-shard-00-02.96ny5ap.mongodb.net:27017, hosts=[ac-gcsizex-shard-00-00.96ny5ap.mongodb.net:27017, ac-gcsizex-shard-00-01.96ny5ap.mongodb.net:27017, ac-gcsizex-shard-00-02.96ny5ap.mongodb.net:27017], passives=[], arbiters=[], primary='ac-gcsizex-shard-00-01.96ny5ap.mongodb.net:27017', tagSet=TagSet{[Tag{name='nodeType', value='ELECTABLE'}, Tag{name='provider', value='AWS'}, Tag{name='region', value='US_EAST_1'}, Tag{name='workloadType', value='OPERATIONAL'}]}, electionId=null, setVersion=1, topologyVersion=TopologyVersion{processId=65264b56fdc7849b27746700, counter=4}, lastWriteDate=Fri Oct 13 06:24:36 UTC 2023, lastUpdateTimeNanos=692842642901097}
2023-10-13T06:24:36.442Z  INFO 100323 --- [ngodb.net:27017] org.mongodb.driver.cluster               : Discovered replica set primary ac-gcsizex-shard-00-01.96ny5ap.mongodb.net:27017 with max election id 7fffffff0000000000000006 and max set version 1
2023-10-13T06:24:36.574Z  INFO 100323 --- [           main] u.d.p.d.DiscoServiceApplicationTests     : Started DiscoServiceApplicationTests in 2.35 seconds (process running for 3.256)
]]></system-out>
  </testcase>
</testsuite>